This is pdfTeX, Version 3.141592-1.40.3 (Web2C 7.5.6) (format=pdflatex 2007.10.3)  7 DEC 2008 01:53
entering extended mode
**report.tex
(./report.tex
LaTeX2e <2005/12/01>
Babel <v3.8h> and hyphenation patterns for english, usenglishmax, dumylang, noh
yphenation, basque, bulgarian, coptic, welsh, czech, slovak, german, ngerman, d
anish, esperanto, spanish, catalan, galician, estonian, finnish, french, greek,
 monogreek, ancientgreek, croatian, hungarian, interlingua, ibycus, indonesian,
 icelandic, italian, latin, mongolian, dutch, norsk, polish, portuguese, pinyin
, romanian, russian, slovenian, uppersorbian, serbian, swedish, turkish, ukengl
ish, ukrainian, loaded.
(/usr/share/texmf/tex/latex/base/article.cls
Document Class: article 2005/09/16 v1.4f Standard LaTeX document class
(/usr/share/texmf/tex/latex/base/size10.clo
File: size10.clo 2005/09/16 v1.4f Standard LaTeX file (size option)
)
\c@part=\count79
\c@section=\count80
\c@subsection=\count81
\c@subsubsection=\count82
\c@paragraph=\count83
\c@subparagraph=\count84
\c@figure=\count85
\c@table=\count86
\abovecaptionskip=\skip41
\belowcaptionskip=\skip42
\bibindent=\dimen102
)
(/usr/share/texmf/tex/latex/graphics/graphicx.sty
Package: graphicx 1999/02/16 v1.0f Enhanced LaTeX Graphics (DPC,SPQR)

(/usr/share/texmf/tex/latex/graphics/keyval.sty
Package: keyval 1999/03/16 v1.13 key=value parser (DPC)
\KV@toks@=\toks14
)
(/usr/share/texmf/tex/latex/graphics/graphics.sty
Package: graphics 2006/02/20 v1.0o Standard LaTeX Graphics (DPC,SPQR)

(/usr/share/texmf/tex/latex/graphics/trig.sty
Package: trig 1999/03/16 v1.09 sin cos tan (DPC)
)
(/usr/share/texmf/tex/latex/config/graphics.cfg
File: graphics.cfg 2007/01/18 v1.5 graphics configuration of teTeX/TeXLive
)
Package graphics Info: Driver file: pdftex.def on input line 90.

(/usr/share/texmf/tex/latex/pdftex-def/pdftex.def
File: pdftex.def 2007/01/08 v0.04d Graphics/color for pdfTeX
\Gread@gobject=\count87
))
\Gin@req@height=\dimen103
\Gin@req@width=\dimen104
) (./report.aux)
\openout1 = `report.aux'.

LaTeX Font Info:    Checking defaults for OML/cmm/m/it on input line 4.
LaTeX Font Info:    ... okay on input line 4.
LaTeX Font Info:    Checking defaults for T1/cmr/m/n on input line 4.
LaTeX Font Info:    ... okay on input line 4.
LaTeX Font Info:    Checking defaults for OT1/cmr/m/n on input line 4.
LaTeX Font Info:    ... okay on input line 4.
LaTeX Font Info:    Checking defaults for OMS/cmsy/m/n on input line 4.
LaTeX Font Info:    ... okay on input line 4.
LaTeX Font Info:    Checking defaults for OMX/cmex/m/n on input line 4.
LaTeX Font Info:    ... okay on input line 4.
LaTeX Font Info:    Checking defaults for U/cmr/m/n on input line 4.
LaTeX Font Info:    ... okay on input line 4.
LaTeX Font Info:    External font `cmex10' loaded for size
(Font)              <12> on input line 9.
LaTeX Font Info:    External font `cmex10' loaded for size
(Font)              <8> on input line 9.
LaTeX Font Info:    External font `cmex10' loaded for size
(Font)              <6> on input line 9.
LaTeX Font Info:    External font `cmex10' loaded for size
(Font)              <7> on input line 31.
LaTeX Font Info:    External font `cmex10' loaded for size
(Font)              <5> on input line 31.
 [1

{/var/lib/texmf/fonts/map/pdftex/updmap/pdftex.map}]
<shapes.png, id=14, 518.93875pt x 199.74625pt>
File: shapes.png Graphic file (type png)
 <use shapes.png>
<cube-plane.png, id=15, 136.51pt x 123.46124pt>
File: cube-plane.png Graphic file (type png)
 <use cube-plane.png> [2 <./shapes.png (PNG copy)> <./cube-plane.png (PNG copy)
>]
Overfull \hbox (18.2217pt too wide) in paragraph at lines 136--139
[]\OT1/cmr/m/n/10 Apply a deriva-tive fil-ter par-al-lel to each axis (ITK's \O
T1/cmtt/m/n/10 DerivativeImageFilter\OT1/cmr/m/n/10 ).
 []


Overfull \hbox (62.02686pt too wide) in paragraph at lines 165--169
[]\OT1/cmr/m/n/10 For this we need 6 (tak-ing ad-van-tage of sym-me-try) \OT1/c
mtt/m/n/10 itk::GaussianBlurImageFunction\OT1/cmr/m/n/10 s,
 []


Overfull \hbox (14.88799pt too wide) in paragraph at lines 165--169
\OT1/cmr/m/n/10 or-di-nary, scalar vol-ume, we must give each a \OT1/cmtt/m/n/1
0 itk::NthElementImageAdaptor\OT1/cmr/m/n/10 ,
 []

[3]
Overfull \hbox (66.76778pt too wide) in paragraph at lines 173--175
[]\OT1/cmr/m/n/10 We then per-form eigen anal-y-sis on the struc-ture ten-sor. 
(\OT1/cmtt/m/n/10 itk::TotalEigenImageFilter\OT1/cmr/m/n/10 ). 
 []


Underfull \hbox (badness 10000) in paragraph at lines 177--186

 []


Underfull \hbox (badness 10000) in paragraph at lines 177--186

 []


Overfull \hbox (0.30415pt too wide) in paragraph at lines 177--186
\OT1/cmr/m/n/10 (\OT1/cmtt/m/n/10 constants::BetaMin \OT1/cmr/m/n/10 and \OT1/c
mtt/m/n/10 constants::BetaMax \OT1/cmr/m/n/10 are the pro-gram's names
 []

[4] [5] (./report.aux) ) 
Here is how much of TeX's memory you used:
 602 strings out of 94079
 7049 string characters out of 1165775
 58431 words of memory out of 3500000
 3932 multiletter control sequences out of 10000+50000
 8454 words of font info for 30 fonts, out of 1200000 for 2000
 645 hyphenation exceptions out of 8191
 25i,7n,19p,183b,189s stack positions out of 5000i,500n,6000p,200000b,5000s
</usr/share/texmf/fonts/type1/bluesky/cm/cmbx12.pfb></u
sr/share/texmf/fonts/type1/bluesky/cm/cmex10.pfb></usr/share/texmf/fonts/type1/
bluesky/cm/cmmi10.pfb></usr/share/texmf/fonts/type1/bluesky/cm/cmmi7.pfb></usr/
share/texmf/fonts/type1/bluesky/cm/cmr10.pfb></usr/share/texmf/fonts/type1/blue
sky/cm/cmr12.pfb></usr/share/texmf/fonts/type1/bluesky/cm/cmr17.pfb></usr/share
/texmf/fonts/type1/bluesky/cm/cmr7.pfb></usr/share/texmf/fonts/type1/bluesky/cm
/cmsl10.pfb></usr/share/texmf/fonts/type1/bluesky/cm/cmsy10.pfb></usr/share/tex
mf/fonts/type1/bluesky/cm/cmti10.pfb></usr/share/texmf/fonts/type1/bluesky/cm/c
mtt10.pfb>
Output written on report.pdf (5 pages, 157191 bytes).
PDF statistics:
 68 PDF objects out of 1000 (max. 8388607)
 0 named destinations out of 1000 (max. 131072)
 11 words of extra memory for PDF output out of 10000 (max. 10000000)

